Using pre-set license
Built from '2020.3/release' branch; Version is '2020.3.2f1 (8fd9074bf66c) revision 9427207'; Using compiler version '192528614'; Build Type 'Release'
OS: 'Windows 10 Pro; OS build 19042.928; Version 2009; 64bit' Language: 'en' Physical Memory: 32721 MB
BatchMode: 1, IsHumanControllingUs: 0, StartBugReporterOnCrash: 0, Is64bit: 1, IsPro: 0

 COMMAND LINE ARGUMENTS:
C:\Program Files\Unity\Hub\Editor\2020.3.2f1\Editor\Unity.exe
-adb2
-batchMode
-noUpm
-name
AssetImportWorker0
-projectPath
E:/Unity/IFB398 Capstone/Frozen-Hourglass/Frozen Hourglass
-logFile
Logs/AssetImportWorker0.log
-srvPort
53382
Successfully changed project path to: E:/Unity/IFB398 Capstone/Frozen-Hourglass/Frozen Hourglass
E:/Unity/IFB398 Capstone/Frozen-Hourglass/Frozen Hourglass
Using Asset Import Pipeline V2.
Refreshing native plugins compatible for Editor in 77.95 ms, found 10 plugins.
Preloading 2 native plugins for Editor in 1.58 ms.
Initialize engine version: 2020.3.2f1 (8fd9074bf66c)
[Subsystems] Discovering subsystems at path C:/Program Files/Unity/Hub/Editor/2020.3.2f1/Editor/Data/Resources/UnitySubsystems
[Subsystems] Discovering subsystems at path E:/Unity/IFB398 Capstone/Frozen-Hourglass/Frozen Hourglass/Assets
GfxDevice: creating device client; threaded=0
Direct3D:
    Version:  Direct3D 11.0 [level 11.1]
    Renderer: NVIDIA GeForce GTX 1070 (ID=0x1b81)
    Vendor:   
    VRAM:     8088 MB
    Driver:   27.21.14.6611
Shader 'Oculus/OVRMRCameraFrameLit': fallback shader 'Alpha-Diffuse' not found
Initialize mono
Mono path[0] = 'C:/Program Files/Unity/Hub/Editor/2020.3.2f1/Editor/Data/Managed'
Mono path[1] = 'C:/Program Files/Unity/Hub/Editor/2020.3.2f1/Editor/Data/MonoBleedingEdge/lib/mono/unityjit'
Mono config path = 'C:/Program Files/Unity/Hub/Editor/2020.3.2f1/Editor/Data/MonoBleedingEdge/etc'
Using monoOptions --debugger-agent=transport=dt_socket,embedding=1,server=y,suspend=n,address=127.0.0.1:56332
Begin MonoManager ReloadAssembly
Registering precompiled unity dll's ...
Register platform support module: C:/Program Files/Unity/Hub/Editor/2020.3.2f1/Editor/Data/PlaybackEngines/WebGLSupport/UnityEditor.WebGL.Extensions.dll
Register platform support module: C:/Program Files/Unity/Hub/Editor/2020.3.2f1/Editor/Data/PlaybackEngines/WindowsStandaloneSupport/UnityEditor.WindowsStandalone.Extensions.dll
Registered in 0.001994 seconds.
Native extension for WindowsStandalone target not found
Native extension for WebGL target not found
Refreshing native plugins compatible for Editor in 59.71 ms, found 10 plugins.
Preloading 2 native plugins for Editor in 0.27 ms.
Invoked RoslynAnalysisRunner static constructor.
RoslynAnalysisRunner will not be running.
RoslynAnalysisRunner has terminated.
Mono: successfully reloaded assembly
- Completed reload, in  2.189 seconds
Platform modules already initialized, skipping
Registering precompiled user dll's ...
Registered in 0.010468 seconds.
Begin MonoManager ReloadAssembly
Native extension for WindowsStandalone target not found
Native extension for WebGL target not found
Refreshing native plugins compatible for Editor in 0.64 ms, found 10 plugins.
Preloading 2 native plugins for Editor in 0.20 ms.
Invoked RoslynAnalysisRunner static constructor.
RoslynAnalysisRunner will not be running.
RoslynAnalysisRunner has terminated.
[XR] OculusXRPlugin: registering subsystems
[XR] Unable to register display lifecyle provider: [1]
[XR] Oculus Input lifecycle provider registered.
[XR] Unable to register input lifecyle provider: [1]
[XR] OVRP version 1.59.0
Mono: successfully reloaded assembly
- Completed reload, in  0.911 seconds
Platform modules already initialized, skipping
========================================================================
Worker process is ready to serve import requests
Shader 'Oculus/OVRMRCameraFrameLit': fallback shader 'Alpha-Diffuse' not found
Launched and connected shader compiler UnityShaderCompiler.exe after 0.04 seconds
Refreshing native plugins compatible for Editor in 0.61 ms, found 10 plugins.
Preloading 2 native plugins for Editor in 0.18 ms.
Unloading 2108 Unused Serialized files (Serialized files now loaded: 0)
System memory in use before: 99.5 MB.
System memory in use after: 99.5 MB.

Unloading 35 unused Assets to reduce memory usage. Loaded Objects now: 2533.
Total: 1.812600 ms (FindLiveObjects: 0.226500 ms CreateObjectMapping: 0.159100 ms MarkObjects: 1.346800 ms  DeleteObjects: 0.079300 ms)

========================================================================
Received Import Request.
  path: Assets/Main Project/MainMenu.unity
  artifactKey: Guid(3605294c3ab76794b838b4c0f2f88752) Importer(815301076,1909f56bfc062723c751e8b465ee728b)
Start importing Assets/Main Project/MainMenu.unity using Guid(3605294c3ab76794b838b4c0f2f88752) Importer(815301076,1909f56bfc062723c751e8b465ee728b)  -> (artifact id: '6295f8a788d94caecdc8ce21e10421f5') in 0.014224 seconds
  Import took 0.017039 seconds .

========================================================================
Received Import Request.
  Time since last request: 0.000186 seconds.
  path: Assets/Main Project
  artifactKey: Guid(8bcbba9bcdfbc90448252d0f75266f8f) Importer(815301076,1909f56bfc062723c751e8b465ee728b)
Start importing Assets/Main Project using Guid(8bcbba9bcdfbc90448252d0f75266f8f) Importer(815301076,1909f56bfc062723c751e8b465ee728b)  -> (artifact id: 'ab20da9226c4d8fab48a2ebd02ee92db') in 0.006281 seconds
  Import took 0.009706 seconds .

========================================================================
Received Import Request.
  Time since last request: 0.000128 seconds.
  path: Assets/Main Project/MainScene.unity
  artifactKey: Guid(1b9d8498eb266c4468117ec9c0e8b6c6) Importer(815301076,1909f56bfc062723c751e8b465ee728b)
Start importing Assets/Main Project/MainScene.unity using Guid(1b9d8498eb266c4468117ec9c0e8b6c6) Importer(815301076,1909f56bfc062723c751e8b465ee728b)  -> (artifact id: 'aa417392a327bc1546a37361c6143961') in 0.005051 seconds
  Import took 0.007601 seconds .

========================================================================
Received Import Request.
  Time since last request: 149.536462 seconds.
  path: Assets/Main Project/Scenes.unity
  artifactKey: Guid(dcd0b3fd30df9a34fa9985453d0121da) Importer(815301076,1909f56bfc062723c751e8b465ee728b)
Start importing Assets/Main Project/Scenes.unity using Guid(dcd0b3fd30df9a34fa9985453d0121da) Importer(815301076,1909f56bfc062723c751e8b465ee728b)  -> (artifact id: 'dc1d4ffb8716febe72676f1cd8ecd4a7') in 0.006688 seconds
  Import took 0.010108 seconds .

========================================================================
Received Import Request.
  Time since last request: 10.111259 seconds.
  path: Assets/Main Project/Scenes
  artifactKey: Guid(9554fbb4612753942b2039017fbd2ec9) Importer(815301076,1909f56bfc062723c751e8b465ee728b)
Start importing Assets/Main Project/Scenes using Guid(9554fbb4612753942b2039017fbd2ec9) Importer(815301076,1909f56bfc062723c751e8b465ee728b)  -> (artifact id: 'bd579e5fdd8a1d9c1668bfa63b78ce5d') in 0.006308 seconds
  Import took 0.009156 seconds .

========================================================================
Received Import Request.
  Time since last request: 8.797514 seconds.
  path: Assets/Main Project/Scripts
  artifactKey: Guid(266cff08c8bb2094f95fa1542669e65a) Importer(815301076,1909f56bfc062723c751e8b465ee728b)
Start importing Assets/Main Project/Scripts using Guid(266cff08c8bb2094f95fa1542669e65a) Importer(815301076,1909f56bfc062723c751e8b465ee728b)  -> (artifact id: '62365f650e5bc7143f40c0f0f065741c') in 0.008018 seconds
  Import took 0.011536 seconds .

========================================================================
Received Import Request.
  Time since last request: 9.616797 seconds.
  path: Assets/Main Project/Scripts/MainMenu.cs
  artifactKey: Guid(9bb911f926fd0644b918edb38af4cac5) Importer(815301076,1909f56bfc062723c751e8b465ee728b)
Start importing Assets/Main Project/Scripts/MainMenu.cs using Guid(9bb911f926fd0644b918edb38af4cac5) Importer(815301076,1909f56bfc062723c751e8b465ee728b)  -> (artifact id: '89dc086ab4142049f59fe33156bd6c61') in 0.034367 seconds
  Import took 0.037821 seconds .

========================================================================
Received Import Request.
  Time since last request: 24.861272 seconds.
  path: Assets/Main Project/Scripts/MainMenu.cs
  artifactKey: Guid(9bb911f926fd0644b918edb38af4cac5) Importer(815301076,1909f56bfc062723c751e8b465ee728b)
Start importing Assets/Main Project/Scripts/MainMenu.cs using Guid(9bb911f926fd0644b918edb38af4cac5) Importer(815301076,1909f56bfc062723c751e8b465ee728b)  -> (artifact id: '4bea6202906311580928b53a8a45deac') in 0.010911 seconds
  Import took 0.016602 seconds .

========================================================================
Received Import Request.
  Time since last request: 5.627596 seconds.
  path: Assets/Main Project/Scripts/MainMenu.cs
  artifactKey: Guid(9bb911f926fd0644b918edb38af4cac5) Importer(815301076,1909f56bfc062723c751e8b465ee728b)
Start importing Assets/Main Project/Scripts/MainMenu.cs using Guid(9bb911f926fd0644b918edb38af4cac5) Importer(815301076,1909f56bfc062723c751e8b465ee728b)  -> (artifact id: '19383e554cc2a7e33aca489116e1a4e2') in 0.004074 seconds
  Import took 0.007521 seconds .

========================================================================
Received Import Request.
  Time since last request: 16.062870 seconds.
  path: Assets/Main Project/Scripts/MainMenu.cs
  artifactKey: Guid(9bb911f926fd0644b918edb38af4cac5) Importer(815301076,1909f56bfc062723c751e8b465ee728b)
Start importing Assets/Main Project/Scripts/MainMenu.cs using Guid(9bb911f926fd0644b918edb38af4cac5) Importer(815301076,1909f56bfc062723c751e8b465ee728b)  -> (artifact id: '919e1abb2a81f1fa570b8602bd0b6524') in 0.003226 seconds
  Import took 0.007250 seconds .

========================================================================
Received Import Request.
  Time since last request: 1.230395 seconds.
  path: Assets/Main Project/Scripts/MainMenu.cs
  artifactKey: Guid(9bb911f926fd0644b918edb38af4cac5) Importer(815301076,1909f56bfc062723c751e8b465ee728b)
Start importing Assets/Main Project/Scripts/MainMenu.cs using Guid(9bb911f926fd0644b918edb38af4cac5) Importer(815301076,1909f56bfc062723c751e8b465ee728b)  -> (artifact id: '0f5374a7807fd949124773e509df4ddd') in 0.004795 seconds
  Import took 0.008491 seconds .

========================================================================
Received Import Request.
  Time since last request: 13.774102 seconds.
  path: Assets/Main Project/Scripts/MainMenu.cs
  artifactKey: Guid(9bb911f926fd0644b918edb38af4cac5) Importer(815301076,1909f56bfc062723c751e8b465ee728b)
Start importing Assets/Main Project/Scripts/MainMenu.cs using Guid(9bb911f926fd0644b918edb38af4cac5) Importer(815301076,1909f56bfc062723c751e8b465ee728b)  -> (artifact id: '941f6e6624d991be75389398cc034f5a') in 0.003110 seconds
  Import took 0.007316 seconds .

========================================================================
Received Import Request.
  Time since last request: 12.760685 seconds.
  path: Assets/Main Project/Scripts/MainMenu.cs
  artifactKey: Guid(9bb911f926fd0644b918edb38af4cac5) Importer(815301076,1909f56bfc062723c751e8b465ee728b)
Start importing Assets/Main Project/Scripts/MainMenu.cs using Guid(9bb911f926fd0644b918edb38af4cac5) Importer(815301076,1909f56bfc062723c751e8b465ee728b)  -> (artifact id: 'a4ae7e30b436c7f44aa6d21b9e8894d8') in 0.006004 seconds
  Import took 0.010473 seconds .

========================================================================
Received Prepare
Registering precompiled user dll's ...
Registered in 0.010869 seconds.
Begin MonoManager ReloadAssembly
Native extension for WindowsStandalone target not found
Native extension for WebGL target not found
Refreshing native plugins compatible for Editor in 0.69 ms, found 10 plugins.
Preloading 2 native plugins for Editor in 0.25 ms.
Invoked RoslynAnalysisRunner static constructor.
RoslynAnalysisRunner will not be running.
RoslynAnalysisRunner has terminated.
Mono: successfully reloaded assembly
- Completed reload, in  1.269 seconds
Platform modules already initialized, skipping
Shader 'Oculus/OVRMRCameraFrameLit': fallback shader 'Alpha-Diffuse' not found
Refreshing native plugins compatible for Editor in 0.80 ms, found 10 plugins.
Preloading 2 native plugins for Editor in 0.22 ms.
Unloading 2041 Unused Serialized files (Serialized files now loaded: 0)
System memory in use before: 96.1 MB.
System memory in use after: 95.5 MB.

Unloading 43 unused Assets to reduce memory usage. Loaded Objects now: 2538.
Total: 2.578600 ms (FindLiveObjects: 0.211100 ms CreateObjectMapping: 0.108700 ms MarkObjects: 1.841900 ms  DeleteObjects: 0.415100 ms)

========================================================================
Received Prepare
Registering precompiled user dll's ...
Registered in 0.010972 seconds.
Begin MonoManager ReloadAssembly
Native extension for WindowsStandalone target not found
Native extension for WebGL target not found
Refreshing native plugins compatible for Editor in 0.73 ms, found 10 plugins.
Preloading 2 native plugins for Editor in 0.24 ms.
Invoked RoslynAnalysisRunner static constructor.
RoslynAnalysisRunner will not be running.
RoslynAnalysisRunner has terminated.
Mono: successfully reloaded assembly
- Completed reload, in  1.008 seconds
Platform modules already initialized, skipping
Shader 'Oculus/OVRMRCameraFrameLit': fallback shader 'Alpha-Diffuse' not found
Refreshing native plugins compatible for Editor in 1.71 ms, found 10 plugins.
Preloading 2 native plugins for Editor in 0.21 ms.
Unloading 2041 Unused Serialized files (Serialized files now loaded: 0)
System memory in use before: 96.1 MB.
System memory in use after: 95.6 MB.

Unloading 43 unused Assets to reduce memory usage. Loaded Objects now: 2542.
Total: 4.664900 ms (FindLiveObjects: 0.464000 ms CreateObjectMapping: 0.189700 ms MarkObjects: 3.604000 ms  DeleteObjects: 0.405500 ms)

========================================================================
Received Prepare
Registering precompiled user dll's ...
Registered in 0.009368 seconds.
Begin MonoManager ReloadAssembly
Native extension for WindowsStandalone target not found
Native extension for WebGL target not found
Refreshing native plugins compatible for Editor in 0.97 ms, found 10 plugins.
Preloading 2 native plugins for Editor in 0.24 ms.
Invoked RoslynAnalysisRunner static constructor.
RoslynAnalysisRunner will not be running.
RoslynAnalysisRunner has terminated.
Mono: successfully reloaded assembly
- Completed reload, in  1.178 seconds
Platform modules already initialized, skipping
Shader 'Oculus/OVRMRCameraFrameLit': fallback shader 'Alpha-Diffuse' not found
Refreshing native plugins compatible for Editor in 0.75 ms, found 10 plugins.
Preloading 2 native plugins for Editor in 0.19 ms.
Unloading 2041 Unused Serialized files (Serialized files now loaded: 0)
System memory in use before: 96.1 MB.
System memory in use after: 95.6 MB.

Unloading 43 unused Assets to reduce memory usage. Loaded Objects now: 2546.
Total: 2.158100 ms (FindLiveObjects: 0.166400 ms CreateObjectMapping: 0.064100 ms MarkObjects: 1.619700 ms  DeleteObjects: 0.306700 ms)

========================================================================
Received Prepare
Registering precompiled user dll's ...
Registered in 0.012122 seconds.
Begin MonoManager ReloadAssembly
Native extension for WindowsStandalone target not found
Native extension for WebGL target not found
Refreshing native plugins compatible for Editor in 0.70 ms, found 10 plugins.
Preloading 2 native plugins for Editor in 0.20 ms.
Invoked RoslynAnalysisRunner static constructor.
RoslynAnalysisRunner will not be running.
RoslynAnalysisRunner has terminated.
Mono: successfully reloaded assembly
- Completed reload, in  1.095 seconds
Platform modules already initialized, skipping
Shader 'Oculus/OVRMRCameraFrameLit': fallback shader 'Alpha-Diffuse' not found
Refreshing native plugins compatible for Editor in 0.74 ms, found 10 plugins.
Preloading 2 native plugins for Editor in 0.21 ms.
Unloading 2041 Unused Serialized files (Serialized files now loaded: 0)
System memory in use before: 96.1 MB.
System memory in use after: 95.6 MB.

Unloading 43 unused Assets to reduce memory usage. Loaded Objects now: 2550.
Total: 2.839300 ms (FindLiveObjects: 0.311400 ms CreateObjectMapping: 0.111800 ms MarkObjects: 2.101000 ms  DeleteObjects: 0.313600 ms)

========================================================================
Received Import Request.
  Time since last request: 189.282928 seconds.
  path: Assets/Oculus/SampleFramework/Core/DebugUI/Prefabs/UIHelpers.prefab
  artifactKey: Guid(a9d2de84afb308a4796cc671d3432b4d) Importer(815301076,1909f56bfc062723c751e8b465ee728b)
Start importing Assets/Oculus/SampleFramework/Core/DebugUI/Prefabs/UIHelpers.prefab using Guid(a9d2de84afb308a4796cc671d3432b4d) Importer(815301076,1909f56bfc062723c751e8b465ee728b)  -> (artifact id: 'b4422f01c02cb587559f00ed6a01fa62') in 0.084622 seconds
  Import took 0.088242 seconds .

========================================================================
Received Import Request.
  Time since last request: 1.731283 seconds.
  path: Assets/Oculus/Platform/Editor/GUIHelper.cs
  artifactKey: Guid(19bb2c637ba6e9c459e3db36b2ec10c3) Importer(815301076,1909f56bfc062723c751e8b465ee728b)
Start importing Assets/Oculus/Platform/Editor/GUIHelper.cs using Guid(19bb2c637ba6e9c459e3db36b2ec10c3) Importer(815301076,1909f56bfc062723c751e8b465ee728b)  -> (artifact id: '434e425d27abc352301885ff162e73f7') in 0.006015 seconds
  Import took 0.008877 seconds .

========================================================================
Received Prepare
Registering precompiled user dll's ...
Registered in 0.015259 seconds.
Begin MonoManager ReloadAssembly
Native extension for WindowsStandalone target not found
Native extension for WebGL target not found
Refreshing native plugins compatible for Editor in 1.41 ms, found 10 plugins.
Preloading 2 native plugins for Editor in 0.23 ms.
Invoked RoslynAnalysisRunner static constructor.
RoslynAnalysisRunner will not be running.
RoslynAnalysisRunner has terminated.
Mono: successfully reloaded assembly
- Completed reload, in  1.119 seconds
Platform modules already initialized, skipping
Shader 'Oculus/OVRMRCameraFrameLit': fallback shader 'Alpha-Diffuse' not found
Refreshing native plugins compatible for Editor in 0.96 ms, found 10 plugins.
Preloading 2 native plugins for Editor in 0.21 ms.
Unloading 2041 Unused Serialized files (Serialized files now loaded: 0)
System memory in use before: 99.2 MB.
System memory in use after: 98.6 MB.

Unloading 44 unused Assets to reduce memory usage. Loaded Objects now: 2562.
Total: 1.897200 ms (FindLiveObjects: 0.222100 ms CreateObjectMapping: 0.068100 ms MarkObjects: 1.334000 ms  DeleteObjects: 0.271800 ms)

========================================================================
Received Import Request.
  Time since last request: 52.012456 seconds.
  path: Assets/Oculus/VR/Prefabs/OVRCameraRig.prefab
  artifactKey: Guid(126d619cf4daa52469682f85c1378b4a) Importer(815301076,1909f56bfc062723c751e8b465ee728b)
Start importing Assets/Oculus/VR/Prefabs/OVRCameraRig.prefab using Guid(126d619cf4daa52469682f85c1378b4a) Importer(815301076,1909f56bfc062723c751e8b465ee728b)  -> (artifact id: '8449a99a6827bc9ed058947981190919') in 0.029033 seconds
  Import took 0.031935 seconds .

========================================================================
Received Import Request.
  Time since last request: 1.627895 seconds.
  path: Assets/Oculus/VR/Prefabs/OVRCubemapCaptureProbe.prefab
  artifactKey: Guid(7a400e96d4650ff4e827a7e727fad81d) Importer(815301076,1909f56bfc062723c751e8b465ee728b)
Start importing Assets/Oculus/VR/Prefabs/OVRCubemapCaptureProbe.prefab using Guid(7a400e96d4650ff4e827a7e727fad81d) Importer(815301076,1909f56bfc062723c751e8b465ee728b)  -> (artifact id: 'fb36f7e9e596442560a91ab0d7e349e7') in 0.007244 seconds
  Import took 0.009956 seconds .

========================================================================
Received Import Request.
  Time since last request: 0.000235 seconds.
  path: Assets/Oculus/SampleFramework/Usage/OVROverlay/Textures/OVRDisplayApplicationLayerText.png
  artifactKey: Guid(ddb5f7d8796b2c345bfe283cdc368c73) Importer(815301076,1909f56bfc062723c751e8b465ee728b)
Start importing Assets/Oculus/SampleFramework/Usage/OVROverlay/Textures/OVRDisplayApplicationLayerText.png using Guid(ddb5f7d8796b2c345bfe283cdc368c73) Importer(815301076,1909f56bfc062723c751e8b465ee728b)  -> (artifact id: 'b9b8a571e1ab05a167281b5d8d34355a') in 0.033502 seconds
  Import took 0.036187 seconds .

========================================================================
Received Import Request.
  Time since last request: 17.593726 seconds.
  path: Assets/Oculus/SampleFramework/Usage/OVROverlay/Textures/OVRDisplayCompositorLayerText.png
  artifactKey: Guid(24e7dc2f4ba252f4684f3c7870f343d0) Importer(815301076,1909f56bfc062723c751e8b465ee728b)
Start importing Assets/Oculus/SampleFramework/Usage/OVROverlay/Textures/OVRDisplayCompositorLayerText.png using Guid(24e7dc2f4ba252f4684f3c7870f343d0) Importer(815301076,1909f56bfc062723c751e8b465ee728b)  -> (artifact id: '37f481439eea40b5f1e7ab8debb4f363') in 0.014638 seconds
  Import took 0.017937 seconds .

========================================================================
Received Import Request.
  Time since last request: 0.000163 seconds.
  path: Assets/Resources/OVRPlatformToolSettings.asset
  artifactKey: Guid(68202a39d0b855641a71ea6494a8a1c5) Importer(815301076,1909f56bfc062723c751e8b465ee728b)
Start importing Assets/Resources/OVRPlatformToolSettings.asset using Guid(68202a39d0b855641a71ea6494a8a1c5) Importer(815301076,1909f56bfc062723c751e8b465ee728b)  -> (artifact id: '50a6eafbf785a1cad95fa305f75054b4') in 0.012160 seconds
  Import took 0.017237 seconds .

========================================================================
Received Import Request.
  Time since last request: 0.000143 seconds.
  path: Assets/Oculus/VR/Prefabs/OVRPlayerController.prefab
  artifactKey: Guid(ce816f2e6abb0504092c23ed9b970dfd) Importer(815301076,1909f56bfc062723c751e8b465ee728b)
Start importing Assets/Oculus/VR/Prefabs/OVRPlayerController.prefab using Guid(ce816f2e6abb0504092c23ed9b970dfd) Importer(815301076,1909f56bfc062723c751e8b465ee728b)  -> (artifact id: '7442553a7fe6df6d98d4e94b958a481b') in 0.034895 seconds
  Import took 0.040020 seconds .

========================================================================
Received Import Request.
  Time since last request: 4.083107 seconds.
  path: Assets/Oculus/VR/Scripts/Util/OVRPlayerController.cs
  artifactKey: Guid(0950df82e7936c84983497630bde5b54) Importer(815301076,1909f56bfc062723c751e8b465ee728b)
Start importing Assets/Oculus/VR/Scripts/Util/OVRPlayerController.cs using Guid(0950df82e7936c84983497630bde5b54) Importer(815301076,1909f56bfc062723c751e8b465ee728b)  -> (artifact id: 'bb6935bcb7e5562156ed267ead28a03e') in 0.002612 seconds
  Import took 0.005990 seconds .

========================================================================
Received Import Request.
  Time since last request: 0.003889 seconds.
  path: Assets/Oculus/VR/Scripts/Util/OVRPlayerController.cs
  artifactKey: Guid(0950df82e7936c84983497630bde5b54) Importer(815301076,1909f56bfc062723c751e8b465ee728b)
Start importing Assets/Oculus/VR/Scripts/Util/OVRPlayerController.cs using Guid(0950df82e7936c84983497630bde5b54) Importer(815301076,1909f56bfc062723c751e8b465ee728b)  -> (artifact id: 'bb6935bcb7e5562156ed267ead28a03e') in 0.003772 seconds
  Import took 0.007060 seconds .

========================================================================
Received Prepare
Registering precompiled user dll's ...
Registered in 0.011075 seconds.
Begin MonoManager ReloadAssembly
Native extension for WindowsStandalone target not found
Native extension for WebGL target not found
Refreshing native plugins compatible for Editor in 1.12 ms, found 10 plugins.
Preloading 2 native plugins for Editor in 0.29 ms.
Invoked RoslynAnalysisRunner static constructor.
RoslynAnalysisRunner will not be running.
RoslynAnalysisRunner has terminated.
Mono: successfully reloaded assembly
- Completed reload, in  0.965 seconds
Platform modules already initialized, skipping
Shader 'Oculus/OVRMRCameraFrameLit': fallback shader 'Alpha-Diffuse' not found
Refreshing native plugins compatible for Editor in 0.66 ms, found 10 plugins.
Preloading 2 native plugins for Editor in 0.19 ms.
Unloading 2041 Unused Serialized files (Serialized files now loaded: 0)
System memory in use before: 99.2 MB.
System memory in use after: 98.7 MB.

Unloading 43 unused Assets to reduce memory usage. Loaded Objects now: 2568.
Total: 2.068800 ms (FindLiveObjects: 0.193900 ms CreateObjectMapping: 0.072400 ms MarkObjects: 1.386200 ms  DeleteObjects: 0.415400 ms)

